Start testing: Dec 08 09:34 Pacific Standard Time
----------------------------------------------------------
1/4 Testing: CalculatorTest.Add
1/4 Test: CalculatorTest.Add
Command: "C:/Users/priyanka.deshmukh/Documents/CalculatorProject/build/Debug/calculator_tests.exe" "--gtest_filter=CalculatorTest.Add" "--gtest_also_run_disabled_tests"
Directory: C:/Users/priyanka.deshmukh/Documents/CalculatorProject/build
"CalculatorTest.Add" start time: Dec 08 09:34 Pacific Standard Time
Output:
----------------------------------------------------------
Running main() from C:\Users\priyanka.deshmukh\Documents\CalculatorProject\external\googletest\googletest\src\gtest_main.cc
Note: Google Test filter = CalculatorTest.Add
[==========] Running 1 test from 1 test suite.
[----------] Global test environment set-up.
[----------] 1 test from CalculatorTest
[ RUN      ] CalculatorTest.Add
[       OK ] CalculatorTest.Add (0 ms)
[----------] 1 test from CalculatorTest (0 ms total)

[----------] Global test environment tear-down
[==========] 1 test from 1 test suite ran. (0 ms total)
[  PASSED  ] 1 test.
<end of output>
Test time =   0.05 sec
----------------------------------------------------------
Test Passed.
"CalculatorTest.Add" end time: Dec 08 09:34 Pacific Standard Time
"CalculatorTest.Add" time elapsed: 00:00:00
----------------------------------------------------------

2/4 Testing: CalculatorTest.Sub
2/4 Test: CalculatorTest.Sub
Command: "C:/Users/priyanka.deshmukh/Documents/CalculatorProject/build/Debug/calculator_tests.exe" "--gtest_filter=CalculatorTest.Sub" "--gtest_also_run_disabled_tests"
Directory: C:/Users/priyanka.deshmukh/Documents/CalculatorProject/build
"CalculatorTest.Sub" start time: Dec 08 09:34 Pacific Standard Time
Output:
----------------------------------------------------------
Running main() from C:\Users\priyanka.deshmukh\Documents\CalculatorProject\external\googletest\googletest\src\gtest_main.cc
Note: Google Test filter = CalculatorTest.Sub
[==========] Running 1 test from 1 test suite.
[----------] Global test environment set-up.
[----------] 1 test from CalculatorTest
[ RUN      ] CalculatorTest.Sub
[       OK ] CalculatorTest.Sub (0 ms)
[----------] 1 test from CalculatorTest (0 ms total)

[----------] Global test environment tear-down
[==========] 1 test from 1 test suite ran. (0 ms total)
[  PASSED  ] 1 test.
<end of output>
Test time =   0.02 sec
----------------------------------------------------------
Test Passed.
"CalculatorTest.Sub" end time: Dec 08 09:34 Pacific Standard Time
"CalculatorTest.Sub" time elapsed: 00:00:00
----------------------------------------------------------

3/4 Testing: CalculatorTest.Mul
3/4 Test: CalculatorTest.Mul
Command: "C:/Users/priyanka.deshmukh/Documents/CalculatorProject/build/Debug/calculator_tests.exe" "--gtest_filter=CalculatorTest.Mul" "--gtest_also_run_disabled_tests"
Directory: C:/Users/priyanka.deshmukh/Documents/CalculatorProject/build
"CalculatorTest.Mul" start time: Dec 08 09:34 Pacific Standard Time
Output:
----------------------------------------------------------
Running main() from C:\Users\priyanka.deshmukh\Documents\CalculatorProject\external\googletest\googletest\src\gtest_main.cc
Note: Google Test filter = CalculatorTest.Mul
[==========] Running 1 test from 1 test suite.
[----------] Global test environment set-up.
[----------] 1 test from CalculatorTest
[ RUN      ] CalculatorTest.Mul
[       OK ] CalculatorTest.Mul (0 ms)
[----------] 1 test from CalculatorTest (0 ms total)

[----------] Global test environment tear-down
[==========] 1 test from 1 test suite ran. (0 ms total)
[  PASSED  ] 1 test.
<end of output>
Test time =   0.02 sec
----------------------------------------------------------
Test Passed.
"CalculatorTest.Mul" end time: Dec 08 09:34 Pacific Standard Time
"CalculatorTest.Mul" time elapsed: 00:00:00
----------------------------------------------------------

4/4 Testing: CalculatorTest.Div
4/4 Test: CalculatorTest.Div
Command: "C:/Users/priyanka.deshmukh/Documents/CalculatorProject/build/Debug/calculator_tests.exe" "--gtest_filter=CalculatorTest.Div" "--gtest_also_run_disabled_tests"
Directory: C:/Users/priyanka.deshmukh/Documents/CalculatorProject/build
"CalculatorTest.Div" start time: Dec 08 09:34 Pacific Standard Time
Output:
----------------------------------------------------------
Running main() from C:\Users\priyanka.deshmukh\Documents\CalculatorProject\external\googletest\googletest\src\gtest_main.cc
Note: Google Test filter = CalculatorTest.Div
[==========] Running 1 test from 1 test suite.
[----------] Global test environment set-up.
[----------] 1 test from CalculatorTest
[ RUN      ] CalculatorTest.Div
[       OK ] CalculatorTest.Div (0 ms)
[----------] 1 test from CalculatorTest (0 ms total)

[----------] Global test environment tear-down
[==========] 1 test from 1 test suite ran. (0 ms total)
[  PASSED  ] 1 test.
<end of output>
Test time =   0.03 sec
----------------------------------------------------------
Test Passed.
"CalculatorTest.Div" end time: Dec 08 09:34 Pacific Standard Time
"CalculatorTest.Div" time elapsed: 00:00:00
----------------------------------------------------------

End testing: Dec 08 09:34 Pacific Standard Time
